  main.cpp
C:\Users\bevans\source\repos\Projects\IMGUI\imgui\examples\example_win32_directx11\main.cpp(18,23): warning C4244: '+=': conversion from 'double' to 'float', possible loss of data
C:\Users\bevans\source\repos\Projects\IMGUI\imgui\examples\example_win32_directx11\main.cpp(28,23): warning C4244: '+=': conversion from 'double' to 'float', possible loss of data
C:\Users\bevans\source\repos\Projects\IMGUI\imgui\examples\example_win32_directx11\main.cpp(164,52): warning C4244: 'argument': conversion from 'int' to 'float', possible loss of data
C:\Users\bevans\source\repos\Projects\IMGUI\imgui\examples\example_win32_directx11\main.cpp(164,43): warning C4244: 'argument': conversion from 'int' to 'float', possible loss of data
C:\Users\bevans\source\repos\Projects\IMGUI\imgui\examples\example_win32_directx11\main.cpp(167,52): warning C4244: 'argument': conversion from 'int' to 'float', possible loss of data
C:\Users\bevans\source\repos\Projects\IMGUI\imgui\examples\example_win32_directx11\main.cpp(167,43): warning C4244: 'argument': conversion from 'int' to 'float', possible loss of data
C:\Users\bevans\source\repos\Projects\IMGUI\imgui\examples\example_win32_directx11\main.cpp(170,52): warning C4244: 'argument': conversion from 'int' to 'float', possible loss of data
C:\Users\bevans\source\repos\Projects\IMGUI\imgui\examples\example_win32_directx11\main.cpp(170,43): warning C4244: 'argument': conversion from 'int' to 'float', possible loss of data
C:\Users\bevans\source\repos\Projects\IMGUI\imgui\examples\example_win32_directx11\main.cpp(173,52): warning C4244: 'argument': conversion from 'int' to 'float', possible loss of data
C:\Users\bevans\source\repos\Projects\IMGUI\imgui\examples\example_win32_directx11\main.cpp(173,43): warning C4244: 'argument': conversion from 'int' to 'float', possible loss of data
C:\Users\bevans\source\repos\Projects\IMGUI\imgui\examples\example_win32_directx11\main.cpp(181,52): warning C4244: 'argument': conversion from 'int' to 'float', possible loss of data
C:\Users\bevans\source\repos\Projects\IMGUI\imgui\examples\example_win32_directx11\main.cpp(181,43): warning C4244: 'argument': conversion from 'int' to 'float', possible loss of data
C:\Users\bevans\source\repos\Projects\IMGUI\imgui\examples\example_win32_directx11\main.cpp(184,52): warning C4244: 'argument': conversion from 'int' to 'float', possible loss of data
C:\Users\bevans\source\repos\Projects\IMGUI\imgui\examples\example_win32_directx11\main.cpp(184,43): warning C4244: 'argument': conversion from 'int' to 'float', possible loss of data
C:\Users\bevans\source\repos\Projects\IMGUI\imgui\examples\example_win32_directx11\main.cpp(187,52): warning C4244: 'argument': conversion from 'int' to 'float', possible loss of data
C:\Users\bevans\source\repos\Projects\IMGUI\imgui\examples\example_win32_directx11\main.cpp(187,43): warning C4244: 'argument': conversion from 'int' to 'float', possible loss of data
C:\Users\bevans\source\repos\Projects\IMGUI\imgui\examples\example_win32_directx11\main.cpp(190,52): warning C4244: 'argument': conversion from 'int' to 'float', possible loss of data
C:\Users\bevans\source\repos\Projects\IMGUI\imgui\examples\example_win32_directx11\main.cpp(190,43): warning C4244: 'argument': conversion from 'int' to 'float', possible loss of data
C:\Users\bevans\source\repos\Projects\IMGUI\imgui\examples\example_win32_directx11\main.cpp(201,52): warning C4244: 'argument': conversion from 'int' to 'float', possible loss of data
C:\Users\bevans\source\repos\Projects\IMGUI\imgui\examples\example_win32_directx11\main.cpp(201,43): warning C4244: 'argument': conversion from 'int' to 'float', possible loss of data
C:\Users\bevans\source\repos\Projects\IMGUI\imgui\examples\example_win32_directx11\main.cpp(204,52): warning C4244: 'argument': conversion from 'int' to 'float', possible loss of data
C:\Users\bevans\source\repos\Projects\IMGUI\imgui\examples\example_win32_directx11\main.cpp(204,43): warning C4244: 'argument': conversion from 'int' to 'float', possible loss of data
C:\Users\bevans\source\repos\Projects\IMGUI\imgui\examples\example_win32_directx11\main.cpp(207,52): warning C4244: 'argument': conversion from 'int' to 'float', possible loss of data
C:\Users\bevans\source\repos\Projects\IMGUI\imgui\examples\example_win32_directx11\main.cpp(207,43): warning C4244: 'argument': conversion from 'int' to 'float', possible loss of data
C:\Users\bevans\source\repos\Projects\IMGUI\imgui\examples\example_win32_directx11\main.cpp(210,52): warning C4244: 'argument': conversion from 'int' to 'float', possible loss of data
C:\Users\bevans\source\repos\Projects\IMGUI\imgui\examples\example_win32_directx11\main.cpp(210,43): warning C4244: 'argument': conversion from 'int' to 'float', possible loss of data
C:\Users\bevans\source\repos\Projects\IMGUI\imgui\examples\example_win32_directx11\main.cpp(233,52): warning C4244: 'argument': conversion from 'int' to 'float', possible loss of data
C:\Users\bevans\source\repos\Projects\IMGUI\imgui\examples\example_win32_directx11\main.cpp(233,43): warning C4244: 'argument': conversion from 'int' to 'float', possible loss of data
C:\Users\bevans\source\repos\Projects\IMGUI\imgui\examples\example_win32_directx11\main.cpp(239,52): warning C4244: 'argument': conversion from 'int' to 'float', possible loss of data
C:\Users\bevans\source\repos\Projects\IMGUI\imgui\examples\example_win32_directx11\main.cpp(239,43): warning C4244: 'argument': conversion from 'int' to 'float', possible loss of data
C:\Users\bevans\source\repos\Projects\IMGUI\imgui\examples\example_win32_directx11\main.cpp(245,52): warning C4244: 'argument': conversion from 'int' to 'float', possible loss of data
C:\Users\bevans\source\repos\Projects\IMGUI\imgui\examples\example_win32_directx11\main.cpp(245,43): warning C4244: 'argument': conversion from 'int' to 'float', possible loss of data
C:\Users\bevans\source\repos\Projects\IMGUI\imgui\examples\example_win32_directx11\main.cpp(251,52): warning C4244: 'argument': conversion from 'int' to 'float', possible loss of data
C:\Users\bevans\source\repos\Projects\IMGUI\imgui\examples\example_win32_directx11\main.cpp(251,43): warning C4244: 'argument': conversion from 'int' to 'float', possible loss of data
C:\Users\bevans\source\repos\Projects\IMGUI\imgui\examples\example_win32_directx11\main.cpp(100,10): warning C4189: 'show_demo_window': local variable is initialized but not referenced
C:\Users\bevans\source\repos\Projects\IMGUI\imgui\examples\example_win32_directx11\main.cpp(101,10): warning C4189: 'show_another_window': local variable is initialized but not referenced
  example_win32_directx11.vcxproj -> C:\Users\bevans\source\repos\Projects\IMGUI\imgui\examples\example_win32_directx11\Debug\example_win32_directx11.exe
